
-----
Test: test_buy_product.py::test_select_product_1 (call)
Start time: 2022-10-25 18:03:36.783311
Start name method: authorization

End time: 2022-10-25 18:03:43.478711
End name method: authorization
URL: https://www.dns-shop.ru/

-----

-----
Test: test_buy_product.py::test_select_product_1 (call)
Start time: 2022-10-25 18:03:43.480710
Start name method: select_products_1

End time: 2022-10-25 18:03:49.901322
End name method: select_products_1
URL: https://www.dns-shop.ru/catalog/17a8a01d16404e77/smartfony/

-----

-----
Test: test_buy_product.py::test_select_product_1 (call)
Start time: 2022-10-25 18:03:49.902324
Start name method: choose_filter

End time: 2022-10-25 18:03:55.662565
End name method: choose_filter
URL: https://www.dns-shop.ru/catalog/17a8a01d16404e77/smartfony/?price=15000-20000&brand=samsung

-----

-----
Test: test_buy_product.py::test_select_product_1 (call)
Start time: 2022-10-25 18:03:55.664563
Start name method: go_to_cart

End time: 2022-10-25 18:04:00.394662
End name method: go_to_cart
URL: https://www.dns-shop.ru/cart/

-----
End time: 2022-10-25 18:04:00.723611
End name method: finish_action
URL: https://www.dns-shop.ru/cart/

-----
