
-----
Test: tests/test_buy_product.py::test_select_product_1 (call)
Start time: 2022-10-25 18:07:56.019498
Start name method: authorization

End time: 2022-10-25 18:08:02.229924
End name method: authorization
URL: https://www.dns-shop.ru/

-----

-----
Test: tests/test_buy_product.py::test_select_product_1 (call)
Start time: 2022-10-25 18:08:02.230894
Start name method: select_products_1

End time: 2022-10-25 18:08:09.223721
End name method: select_products_1
URL: https://www.dns-shop.ru/catalog/17a8a01d16404e77/smartfony/

-----

-----
Test: tests/test_buy_product.py::test_select_product_1 (call)
Start time: 2022-10-25 18:08:09.225721
Start name method: choose_filter

End time: 2022-10-25 18:08:16.206628
End name method: choose_filter
URL: https://www.dns-shop.ru/catalog/17a8a01d16404e77/smartfony/?price=15000-20000&brand=samsung

-----

-----
Test: tests/test_buy_product.py::test_select_product_1 (call)
Start time: 2022-10-25 18:08:16.208627
Start name method: go_to_cart

End time: 2022-10-25 18:08:23.865357
End name method: go_to_cart
URL: https://www.dns-shop.ru/cart/

-----
End time: 2022-10-25 18:08:24.402324
End name method: finish_action
URL: https://www.dns-shop.ru/cart/

-----
