
-----
Test: test_buy_product.py::test_select_product_1 (call)
Start time: 2022-10-25 17:42:39.176083
Start name method: authorization

End time: 2022-10-25 17:42:45.579751
End name method: authorization
URL: https://www.dns-shop.ru/

-----

-----
Test: test_buy_product.py::test_select_product_1 (call)
Start time: 2022-10-25 17:42:45.580751
Start name method: select_products_1

End time: 2022-10-25 17:42:51.036301
End name method: select_products_1
URL: https://www.dns-shop.ru/catalog/17a8a01d16404e77/smartfony/

-----

-----
Test: test_buy_product.py::test_select_product_1 (call)
Start time: 2022-10-25 17:42:51.037301
Start name method: choose_filter

End time: 2022-10-25 17:42:56.527298
End name method: choose_filter
URL: https://www.dns-shop.ru/catalog/17a8a01d16404e77/smartfony/?price=15000-20000&brand=samsung

-----

-----
Test: test_buy_product.py::test_select_product_1 (call)
Start time: 2022-10-25 17:42:56.529298
Start name method: go_to_cart

