
-----
Test: test_buy_product.py::test_select_product_1 (call)
Start time: 2022-10-25 17:32:43.611675
Start name method: authorization

End time: 2022-10-25 17:32:50.262708
End name method: authorization
URL: https://www.dns-shop.ru/

-----

-----
Test: test_buy_product.py::test_select_product_1 (call)
Start time: 2022-10-25 17:32:50.264709
Start name method: select_products_1

End time: 2022-10-25 17:32:56.891307
End name method: select_products_1
URL: https://www.dns-shop.ru/catalog/17a8a01d16404e77/smartfony/

-----

-----
Test: test_buy_product.py::test_select_product_1 (call)
Start time: 2022-10-25 17:32:56.892311
Start name method: choose_filter

End time: 2022-10-25 17:33:03.042794
End name method: choose_filter
URL: https://www.dns-shop.ru/catalog/17a8a01d16404e77/smartfony/?price=15000-20000&brand=samsung

-----

-----
Test: test_buy_product.py::test_select_product_1 (call)
Start time: 2022-10-25 17:33:03.043796
Start name method: go_to_cart

End time: 2022-10-25 17:33:09.580926
End name method: go_to_cart
URL: https://www.dns-shop.ru/cart/

-----
